\BOOKMARK [1][-]{section.1}{\376\377\000I\000n\000t\000r\000o\000d\000u\000c\000t\000i\000o\000n}{}% 1
\BOOKMARK [2][-]{subsection.1.1}{\376\377\000O\000u\000t\000l\000i\000n\000e}{section.1}% 2
\BOOKMARK [1][-]{section.2}{\376\377\000I\000n\000t\000r\000o\000d\000u\000c\000t\000i\000o\000n}{}% 3
\BOOKMARK [2][-]{subsection.2.1}{\376\377\000R\000e\000v\000i\000e\000w\000\040\000o\000f\000\040\000R\000u\000b\000i\000k\000'\000s\000\040\000C\000u\000b\000e\000s}{section.2}% 4
\BOOKMARK [2][-]{subsection.2.2}{\376\377\000N\000o\000t\000a\000t\000i\000o\000n\000\040\000f\000o\000r\000\040\000C\000u\000b\000e\000\040\000O\000p\000e\000r\000a\000t\000i\000o\000n\000s}{section.2}% 5
\BOOKMARK [2][-]{subsection.2.3}{\376\377\000G\000o\000d\000'\000s\000\040\000N\000u\000m\000b\000e\000r}{section.2}% 6
\BOOKMARK [2][-]{subsection.2.4}{\376\377\000C\000o\000m\000b\000i\000n\000a\000t\000o\000r\000i\000a\000l\000\040\000E\000x\000p\000l\000o\000s\000i\000o\000n\000\040\000w\000i\000t\000h\000\040\000M\000u\000l\000t\000i\000p\000l\000e\000\040\000C\000u\000b\000e\000s}{section.2}% 7
\BOOKMARK [2][-]{subsection.2.5}{\376\377\000E\000d\000g\000e\000\040\000a\000n\000d\000\040\000C\000o\000r\000n\000e\000r\000\040\000C\000o\000n\000s\000t\000r\000a\000i\000n\000t\000s}{section.2}% 8
\BOOKMARK [2][-]{subsection.2.6}{\376\377\000P\000e\000r\000-\000C\000u\000b\000e\000\040\0002\0004\000-\000b\000i\000t\000\040\000S\000t\000a\000t\000e\000\040\000S\000p\000a\000c\000e}{section.2}% 9
\BOOKMARK [2][-]{subsection.2.7}{\376\377\000S\000u\000m\000m\000a\000r\000y}{section.2}% 10
\BOOKMARK [1][-]{section.3}{\376\377\000O\000v\000e\000r\000v\000i\000e\000w}{}% 11
\BOOKMARK [2][-]{subsection.3.1}{\376\377\000I\000n\000i\000t\000i\000a\000l\000\040\000R\000o\000u\000n\000d}{section.3}% 12
\BOOKMARK [2][-]{subsection.3.2}{\376\377\000S\000u\000b\000s\000e\000q\000u\000e\000n\000t\000\040\000R\000o\000u\000n\000d\000s}{section.3}% 13
\BOOKMARK [2][-]{subsection.3.3}{\376\377\000F\000i\000n\000a\000l\000\040\000R\000o\000u\000n\000d}{section.3}% 14
\BOOKMARK [2][-]{subsection.3.4}{\376\377\000P\000u\000r\000p\000o\000s\000e}{section.3}% 15
\BOOKMARK [2][-]{subsection.3.5}{\376\377\000I\000n\000t\000e\000n\000d\000e\000d\000\040\000U\000s\000a\000g\000e}{section.3}% 16
\BOOKMARK [1][-]{section.4}{\376\377\0003\000x\0003\000x\0003\000\040\000I\000m\000p\000l\000e\000m\000e\000n\000t\000a\000t\000i\000o\000n}{}% 17
\BOOKMARK [2][-]{subsection.4.1}{\376\377\000D\000a\000t\000a\000\040\000S\000t\000r\000u\000c\000t\000u\000r\000e\000\040\000B\000r\000e\000a\000k\000d\000o\000w\000n}{section.4}% 18
\BOOKMARK [2][-]{subsection.4.2}{\376\377\000A\000u\000g\000m\000e\000n\000t\000e\000d\000\040\000S\000P\000E\000F\000F\000Z\000\040\000M\000a\000p\000p\000i\000n\000g}{section.4}% 19
\BOOKMARK [2][-]{subsection.4.3}{\376\377\000C\000y\000c\000l\000i\000c\000\040\000T\000r\000a\000n\000s\000f\000o\000r\000m\000a\000t\000i\000o\000n\000s}{section.4}% 20
\BOOKMARK [1][-]{section.5}{\376\377\000K\000e\000y\000\040\000G\000e\000n\000e\000r\000a\000t\000i\000o\000n}{}% 21
\BOOKMARK [2][-]{subsection.5.1}{\376\377\0004\000-\000C\000u\000b\000e\000\040\000I\000n\000i\000t\000i\000a\000l\000i\000z\000a\000t\000i\000o\000n}{section.5}% 22
\BOOKMARK [2][-]{subsection.5.2}{\376\377\000M\000a\000s\000t\000e\000r\000-\000K\000e\000y\000\040\000S\000e\000r\000i\000a\000l\000i\000z\000a\000t\000i\000o\000n}{section.5}% 23
\BOOKMARK [2][-]{subsection.5.3}{\376\377\000S\000u\000b\000-\000K\000e\000y\000\040\000G\000e\000n\000e\000r\000a\000t\000i\000o\000n}{section.5}% 24
\BOOKMARK [1][-]{section.6}{\376\377\000E\000n\000c\000r\000y\000p\000t\000i\000o\000n}{}% 25
\BOOKMARK [2][-]{subsection.6.1}{\376\377\000P\000l\000a\000i\000n\000t\000e\000x\000t\000\040\000S\000e\000t\000u\000p\000\040\000W\000i\000t\000h\000\040\000S\000-\000B\000o\000x\000\040\000T\000r\000a\000n\000s\000f\000o\000r\000m\000a\000t\000i\000o\000n\000s\000\040\000O\000n\000\040\000C\000h\000u\000n\000k\000s}{section.6}% 26
\BOOKMARK [2][-]{subsection.6.2}{\376\377\000C\000u\000b\000e\000\040\000M\000a\000p\000p\000i\000n\000g\000\040\000P\000r\000o\000c\000e\000d\000u\000r\000e}{section.6}% 27
\BOOKMARK [2][-]{subsection.6.3}{\376\377\000E\000n\000c\000r\000y\000p\000t\000i\000o\000n\000\040\000A\000l\000g\000o\000r\000i\000t\000h\000m}{section.6}% 28
\BOOKMARK [1][-]{section.7}{\376\377\000D\000e\000c\000r\000y\000p\000t\000i\000o\000n}{}% 29
\BOOKMARK [2][-]{subsection.7.1}{\376\377\000B\000e\000e\000p\000\040\000B\000o\000o\000p}{section.7}% 30
\BOOKMARK [1][-]{section.8}{\376\377\000S\000e\000c\000u\000r\000i\000t\000y\000\040\000A\000n\000a\000l\000y\000s\000i\000s}{}% 31
\BOOKMARK [2][-]{subsection.8.1}{\376\377\000I\000m\000m\000e\000d\000i\000a\000t\000e\000\040\000R\000e\000d\000u\000c\000t\000i\000o\000n\000\040\000t\000o\000\040\000A\000E\000S}{section.8}% 32
\BOOKMARK [1][-]{section.9}{\376\377\000C\000o\000d\000e\000b\000a\000s\000e\000\040\000A\000r\000c\000h\000i\000t\000e\000c\000t\000u\000r\000e}{}% 33
\BOOKMARK [2][-]{subsection.9.1}{\376\377\000A\000r\000c\000h\000i\000t\000e\000c\000t\000u\000r\000e\000\040\000T\000r\000e\000e}{section.9}% 34
